Using pre-set license
Built from '2022.1/staging' branch; Version is '2022.1.23f1 (9636b062134a) revision 9844400'; Using compiler version '192829333'; Build Type 'Release'
OS: 'Windows 10  (10.0.19045) 64bit CoreSingleLanguage' Language: 'ru' Physical Memory: 16308 MB
BatchMode: 1, IsHumanControllingUs: 0, StartBugReporterOnCrash: 0, Is64bit: 1, IsPro: 1

COMMAND LINE ARGUMENTS:
C:\MyProgram\2022.1.23f1\Editor\Unity.exe
-adb2
-batchMode
-noUpm
-name
AssetImportWorker0
-projectPath
D:/UnityMyGame/TestArea
-logFile
Logs/AssetImportWorker0.log
-srvPort
61558
Successfully changed project path to: D:/UnityMyGame/TestArea
D:/UnityMyGame/TestArea
[UnityMemory] Configuration Parameters - Can be set up in boot.config
    "memorysetup-bucket-allocator-granularity=16"
    "memorysetup-bucket-allocator-bucket-count=8"
    "memorysetup-bucket-allocator-block-size=33554432"
    "memorysetup-bucket-allocator-block-count=8"
    "memorysetup-main-allocator-block-size=16777216"
    "memorysetup-thread-allocator-block-size=16777216"
    "memorysetup-gfx-main-allocator-block-size=16777216"
    "memorysetup-gfx-thread-allocator-block-size=16777216"
    "memorysetup-cache-allocator-block-size=4194304"
    "memorysetup-typetree-allocator-block-size=2097152"
    "memorysetup-profiler-bucket-allocator-granularity=16"
    "memorysetup-profiler-bucket-allocator-bucket-count=8"
    "memorysetup-profiler-bucket-allocator-block-size=33554432"
    "memorysetup-profiler-bucket-allocator-block-count=8"
    "memorysetup-profiler-allocator-block-size=16777216"
    "memorysetup-profiler-editor-allocator-block-size=1048576"
    "memorysetup-temp-allocator-size-main=16777216"
    "memorysetup-job-temp-allocator-block-size=2097152"
    "memorysetup-job-temp-allocator-block-size-background=1048576"
    "memorysetup-job-temp-allocator-reduction-small-platforms=262144"
    "memorysetup-temp-allocator-size-background-worker=32768"
    "memorysetup-temp-allocator-size-job-worker=262144"
    "memorysetup-temp-allocator-size-preload-manager=33554432"
    "memorysetup-temp-allocator-size-nav-mesh-worker=65536"
    "memorysetup-temp-allocator-size-audio-worker=65536"
    "memorysetup-temp-allocator-size-cloud-worker=32768"
    "memorysetup-temp-allocator-size-gi-baking-worker=262144"
    "memorysetup-temp-allocator-size-gfx=262144"
Refreshing native plugins compatible for Editor in 136.52 ms, found 4 plugins.
Preloading 0 native plugins for Editor in 0.00 ms.
Initialize engine version: 2022.1.23f1 (9636b062134a)
[Subsystems] Discovering subsystems at path C:/MyProgram/2022.1.23f1/Editor/Data/Resources/UnitySubsystems
[Subsystems] Discovering subsystems at path D:/UnityMyGame/TestArea/Assets
GfxDevice: creating device client; threaded=0; jobified=0
Direct3D:
    Version:  Direct3D 11.0 [level 11.1]
    Renderer: Radeon RX 570 Series (ID=0x67df)
    Vendor:   ATI
    VRAM:     4074 MB
    Driver:   31.0.12029.4013
Initialize mono
Mono path[0] = 'C:/MyProgram/2022.1.23f1/Editor/Data/Managed'
Mono path[1] = 'C:/MyProgram/2022.1.23f1/Editor/Data/MonoBleedingEdge/lib/mono/unityjit-win32'
Mono config path = 'C:/MyProgram/2022.1.23f1/Editor/Data/MonoBleedingEdge/etc'
Using monoOptions --debugger-agent=transport=dt_socket,embedding=1,server=y,suspend=n,address=127.0.0.1:56008
Begin MonoManager ReloadAssembly
Registering precompiled unity dll's ...
Register platform support module: C:/MyProgram/2022.1.23f1/Editor/Data/PlaybackEngines/AndroidPlayer/UnityEditor.Android.Extensions.dll
Register platform support module: C:/MyProgram/2022.1.23f1/Editor/Data/PlaybackEngines/WindowsStandaloneSupport/UnityEditor.WindowsStandalone.Extensions.dll
Registered in 0.006619 seconds.
Native extension for WindowsStandalone target not found
Native extension for Android target not found
Refreshing native plugins compatible for Editor in 129.80 ms, found 4 plugins.
Preloading 0 native plugins for Editor in 0.00 ms.
Mono: successfully reloaded assembly
- Completed reload, in  0.958 seconds
Domain Reload Profiling:
	ReloadAssembly (959ms)
		BeginReloadAssembly (102ms)
			ExecutionOrderSort (0ms)
			DisableScriptedObjects (0ms)
			BackupInstance (0ms)
			ReleaseScriptingObjects (0ms)
			CreateAndSetChildDomain (1ms)
		EndReloadAssembly (704ms)
			LoadAssemblies (99ms)
			RebuildTransferFunctionScriptingTraits (0ms)
			SetupTypeCache (143ms)
				TypeCache.Initialize (143ms)
					TypeCache.ScanAssembly (141ms)
				ResolveRequiredComponents (1ms)
			ReleaseScriptCaches (0ms)
			RebuildScriptCaches (41ms)
			SetupLoadedEditorAssemblies (445ms)
				LogAssemblyErrors (0ms)
				InitializePlatformSupportModulesInManaged (74ms)
				SetLoadedEditorAssemblies (16ms)
				RefreshPlugins (130ms)
				BeforeProcessingInitializeOnLoad (2ms)
				ProcessInitializeOnLoadAttributes (160ms)
				ProcessInitializeOnLoadMethodAttributes (63ms)
				AfterProcessingInitializeOnLoad (0ms)
				EditorAssembliesLoaded (0ms)
			ExecutionOrderSort2 (0ms)
			AwakeInstancesAfterBackupRestoration (0ms)
Platform modules already initialized, skipping
Registering precompiled user dll's ...
Registered in 0.006944 seconds.
Begin MonoManager ReloadAssembly
Symbol file LoadedFromMemory doesn't match image D:\UnityMyGame\TestArea\Library\PackageCache\com.unity.visualscripting@1.7.8\Editor\VisualScripting.Core\Dependencies\YamlDotNet\Unity.VisualScripting.YamlDotNet.dll
Symbol file LoadedFromMemory doesn't match image D:\UnityMyGame\TestArea\Library\PackageCache\com.unity.visualscripting@1.7.8\Editor\VisualScripting.Core\Dependencies\DotNetZip\Unity.VisualScripting.IonicZip.dll
Native extension for WindowsStandalone target not found
Native extension for Android target not found
Refreshing native plugins compatible for Editor in 129.66 ms, found 4 plugins.
Preloading 0 native plugins for Editor in 0.00 ms.
Mono: successfully reloaded assembly
- Completed reload, in  1.752 seconds
Domain Reload Profiling:
	ReloadAssembly (1753ms)
		BeginReloadAssembly (287ms)
			ExecutionOrderSort (0ms)
			DisableScriptedObjects (9ms)
			BackupInstance (0ms)
			ReleaseScriptingObjects (0ms)
			CreateAndSetChildDomain (135ms)
		EndReloadAssembly (1312ms)
			LoadAssemblies (114ms)
			RebuildTransferFunctionScriptingTraits (0ms)
			SetupTypeCache (327ms)
				TypeCache.Initialize (319ms)
					TypeCache.ScanAssembly (314ms)
				ResolveRequiredComponents (7ms)
			ReleaseScriptCaches (1ms)
			RebuildScriptCaches (91ms)
			SetupLoadedEditorAssemblies (700ms)
				LogAssemblyErrors (0ms)
				InitializePlatformSupportModulesInManaged (18ms)
				SetLoadedEditorAssemblies (12ms)
				RefreshPlugins (130ms)
				BeforeProcessingInitializeOnLoad (128ms)
				ProcessInitializeOnLoadAttributes (350ms)
				ProcessInitializeOnLoadMethodAttributes (54ms)
				AfterProcessingInitializeOnLoad (9ms)
				EditorAssembliesLoaded (0ms)
			ExecutionOrderSort2 (0ms)
			AwakeInstancesAfterBackupRestoration (7ms)
Platform modules already initialized, skipping
========================================================================
Worker process is ready to serve import requests
Launched and connected shader compiler UnityShaderCompiler.exe after 0.07 seconds
Refreshing native plugins compatible for Editor in 0.97 ms, found 4 plugins.
Preloading 0 native plugins for Editor in 0.00 ms.
Unloading 4179 Unused Serialized files (Serialized files now loaded: 0)
Unloading 38 unused Assets / (31.0 KB). Loaded Objects now: 4645.
Memory consumption went from 0.64 GB to 0.64 GB.
Total: 4.072300 ms (FindLiveObjects: 0.344800 ms CreateObjectMapping: 0.117800 ms MarkObjects: 3.569100 ms  DeleteObjects: 0.039300 ms)

AssetImportParameters requested are different than current active one (requested -> active):
  custom:video-decoder-ogg-theora: a1e56fd34408186e4bbccfd4996cb3dc -> 
  custom:container-muxer-webm: aa71ff27fc2769a1b78a27578f13a17b -> 
  custom:container-demuxer-webm: 4f35f7cbe854078d1ac9338744f61a02 -> 
  custom:video-encoder-webm-vp8: eb34c28f22e8b96e1ab97ce403110664 -> 
  custom:audio-encoder-webm-vorbis: bf7c407c2cedff20999df2af8eb42d56 -> 
  custom:framework-win-MediaFoundation: 216162199b28c13a410421893ffa2e32 -> 
  custom:container-demuxer-ogg: 62fdf1f143b41e24485cea50d1cbac27 -> 
  custom:video-decoder-webm-vp8: 9c59270c3fd7afecdb556c50c9e8de78 -> 
  custom:audio-decoder-ogg-vorbis: bf7c407c2cedff20999df2af8eb42d56 -> 
========================================================================
Received Import Request.
  Time since last request: 880.734789 seconds.
  path: Assets/Textures/Tiles/grass16.png
  artifactKey: Guid(96b16d4afc42c2444985a351b4f943cd) Importer(815301076,1909f56bfc062723c751e8b465ee728b)
Start importing Assets/Textures/Tiles/grass16.png using Guid(96b16d4afc42c2444985a351b4f943cd) Importer(815301076,1909f56bfc062723c751e8b465ee728b)  -> (artifact id: '185d1447024046f2b2f3f30e5f0c7a22') in 0.140349 seconds 
========================================================================
Received Import Request.
  Time since last request: 0.000022 seconds.
  path: Assets/Textures/Tiles/grass1.png
  artifactKey: Guid(85ce3f69e12d3bc4086c8194a2d299b2) Importer(815301076,1909f56bfc062723c751e8b465ee728b)
Start importing Assets/Textures/Tiles/grass1.png using Guid(85ce3f69e12d3bc4086c8194a2d299b2) Importer(815301076,1909f56bfc062723c751e8b465ee728b)  -> (artifact id: '7c60eae9a08bae499ffbfc282b9ab5fe') in 0.012892 seconds 
========================================================================
Received Import Request.
  Time since last request: 248.576759 seconds.
  path: Assets/Textures/Tiles/grass17.png
  artifactKey: Guid(b4ceb56e0fbd54842b14ef4e02833361) Importer(815301076,1909f56bfc062723c751e8b465ee728b)
Start importing Assets/Textures/Tiles/grass17.png using Guid(b4ceb56e0fbd54842b14ef4e02833361) Importer(815301076,1909f56bfc062723c751e8b465ee728b)  -> (artifact id: 'c8706ed9eb026b2775a136d2a74063f7') in 0.035247 seconds 
========================================================================
Received Import Request.
  Time since last request: 11.597719 seconds.
  path: Assets/Textures/Tiles/grass17.png
  artifactKey: Guid(b4ceb56e0fbd54842b14ef4e02833361) Importer(815301076,1909f56bfc062723c751e8b465ee728b)
Start importing Assets/Textures/Tiles/grass17.png using Guid(b4ceb56e0fbd54842b14ef4e02833361) Importer(815301076,1909f56bfc062723c751e8b465ee728b)  -> (artifact id: 'c088faf55b50cf8a2e9b1871a85a7b6d') in 0.027538 seconds 
========================================================================
Received Import Request.
  Time since last request: 16.060215 seconds.
  path: Assets/Textures/Tiles/TileSet/DecGrass.asset
  artifactKey: Guid(67a7895a54c7ff842b77c51d3045a0f7) Importer(815301076,1909f56bfc062723c751e8b465ee728b)
Start importing Assets/Textures/Tiles/TileSet/DecGrass.asset using Guid(67a7895a54c7ff842b77c51d3045a0f7) Importer(815301076,1909f56bfc062723c751e8b465ee728b)  -> (artifact id: 'e6ea2b578c237ba7f527b2bbf3320382') in 0.044660 seconds 
========================================================================
Received Import Request.
  Time since last request: 0.000025 seconds.
  path: Assets/Textures/Tiles/TileSet/grass9.asset
  artifactKey: Guid(bcb70b27d2a3eb34c93acbe56acb3d60) Importer(815301076,1909f56bfc062723c751e8b465ee728b)
Start importing Assets/Textures/Tiles/TileSet/grass9.asset using Guid(bcb70b27d2a3eb34c93acbe56acb3d60) Importer(815301076,1909f56bfc062723c751e8b465ee728b)  -> (artifact id: 'ffb0e36a7d71ce4649c28b2ef44ad0b7') in 0.011832 seconds 
========================================================================
Received Import Request.
  Time since last request: 0.000036 seconds.
  path: Assets/Textures/Tiles/TileSet/grass1.asset
  artifactKey: Guid(a7755dc4640bf3347b56308ae1e69aaf) Importer(815301076,1909f56bfc062723c751e8b465ee728b)
Start importing Assets/Textures/Tiles/TileSet/grass1.asset using Guid(a7755dc4640bf3347b56308ae1e69aaf) Importer(815301076,1909f56bfc062723c751e8b465ee728b)  -> (artifact id: '27608e750578a8871b05e698108d0ecf') in 0.009061 seconds 
========================================================================
Received Import Request.
  Time since last request: 0.484390 seconds.
  path: Assets/Textures/Tiles/TileSet/grass16.asset
  artifactKey: Guid(873af7a4e1eda2d488a0d09fe2b09a4a) Importer(815301076,1909f56bfc062723c751e8b465ee728b)
Start importing Assets/Textures/Tiles/TileSet/grass16.asset using Guid(873af7a4e1eda2d488a0d09fe2b09a4a) Importer(815301076,1909f56bfc062723c751e8b465ee728b)  -> (artifact id: '9c0b8fc48c8b7b7d8fc2fb9e6c143d7b') in 0.008061 seconds 
========================================================================
Received Import Request.
  Time since last request: 0.047711 seconds.
  path: Assets/Textures/Tiles/TileSet/MainPalette.prefab
  artifactKey: Guid(9d61c8d7952b84d44bc7e4e0a3b538f5) Importer(815301076,1909f56bfc062723c751e8b465ee728b)
Start importing Assets/Textures/Tiles/TileSet/MainPalette.prefab using Guid(9d61c8d7952b84d44bc7e4e0a3b538f5) Importer(815301076,1909f56bfc062723c751e8b465ee728b)  -> (artifact id: '171e4c8ca1e235d13904bb5e5f109084') in 0.101433 seconds 
========================================================================
Received Import Request.
  Time since last request: 0.000032 seconds.
  path: Assets/Textures/Tiles/TileSet/SmartGrass.asset
  artifactKey: Guid(a2107753f9291334babc53019cd0dc36) Importer(815301076,1909f56bfc062723c751e8b465ee728b)
Start importing Assets/Textures/Tiles/TileSet/SmartGrass.asset using Guid(a2107753f9291334babc53019cd0dc36) Importer(815301076,1909f56bfc062723c751e8b465ee728b)  -> (artifact id: '2219815ce12dd74ffdc31b32d01410e6') in 0.029548 seconds 
========================================================================
Received Import Request.
  Time since last request: 0.242093 seconds.
  path: Assets/Textures/Tiles/TileSet/tree.asset
  artifactKey: Guid(ccf9c26020303ef4098e03331cd1349c) Importer(815301076,1909f56bfc062723c751e8b465ee728b)
Start importing Assets/Textures/Tiles/TileSet/tree.asset using Guid(ccf9c26020303ef4098e03331cd1349c) Importer(815301076,1909f56bfc062723c751e8b465ee728b)  -> (artifact id: '3a20a6dd969a4743e6393e52bd98f77e') in 0.011622 seconds 
========================================================================
Received Import Request.
  Time since last request: 33.427529 seconds.
  path: Assets/Textures/Tiles/TileSet/SmartHalfGrass.asset
  artifactKey: Guid(57adeb96bb557fb46b46ad5f89e67a02) Importer(815301076,1909f56bfc062723c751e8b465ee728b)
Start importing Assets/Textures/Tiles/TileSet/SmartHalfGrass.asset using Guid(57adeb96bb557fb46b46ad5f89e67a02) Importer(815301076,1909f56bfc062723c751e8b465ee728b)  -> (artifact id: 'c51f8a21814ca151ff20c01ba6c7298b') in 0.007515 seconds 
========================================================================
Received Import Request.
  Time since last request: 29.018791 seconds.
  path: Assets/Textures/Tiles/TileSet/grass17.asset
  artifactKey: Guid(e14a5026fdd6ec448872f65443b8433f) Importer(815301076,1909f56bfc062723c751e8b465ee728b)
Start importing Assets/Textures/Tiles/TileSet/grass17.asset using Guid(e14a5026fdd6ec448872f65443b8433f) Importer(815301076,1909f56bfc062723c751e8b465ee728b)  -> (artifact id: 'ee1c53c072824315b83f7b6ebb8b4d3a') in 0.007576 seconds 
========================================================================
Received Import Request.
  Time since last request: 0.055447 seconds.
  path: Assets/Textures/Tiles/TileSet/MainPalette.prefab
  artifactKey: Guid(9d61c8d7952b84d44bc7e4e0a3b538f5) Importer(815301076,1909f56bfc062723c751e8b465ee728b)
Start importing Assets/Textures/Tiles/TileSet/MainPalette.prefab using Guid(9d61c8d7952b84d44bc7e4e0a3b538f5) Importer(815301076,1909f56bfc062723c751e8b465ee728b)  -> (artifact id: '997ddfefeea8903d74fc48bfc2d9ad3a') in 0.054078 seconds 
========================================================================
Received Import Request.
  Time since last request: 3.609970 seconds.
  path: Assets/Textures/Tiles/TileSet/MainPalette.prefab
  artifactKey: Guid(9d61c8d7952b84d44bc7e4e0a3b538f5) Importer(815301076,1909f56bfc062723c751e8b465ee728b)
Start importing Assets/Textures/Tiles/TileSet/MainPalette.prefab using Guid(9d61c8d7952b84d44bc7e4e0a3b538f5) Importer(815301076,1909f56bfc062723c751e8b465ee728b)  -> (artifact id: '36cc4986119cde08cc170744a943ca37') in 0.052487 seconds 
========================================================================
Received Import Request.
  Time since last request: 587.260169 seconds.
  path: Assets/Textures/Tiles/TileSet/MainPalette.prefab
  artifactKey: Guid(9d61c8d7952b84d44bc7e4e0a3b538f5) Importer(815301076,1909f56bfc062723c751e8b465ee728b)
Start importing Assets/Textures/Tiles/TileSet/MainPalette.prefab using Guid(9d61c8d7952b84d44bc7e4e0a3b538f5) Importer(815301076,1909f56bfc062723c751e8b465ee728b)  -> (artifact id: '8f95a2b06cbbd12ebad80ab205f5bb1a') in 0.054913 seconds 
========================================================================
Received Import Request.
  Time since last request: 0.000037 seconds.
  path: Assets/Textures/Tiles/TileSet/SmartHalfGrass.asset
  artifactKey: Guid(57adeb96bb557fb46b46ad5f89e67a02) Importer(815301076,1909f56bfc062723c751e8b465ee728b)
Start importing Assets/Textures/Tiles/TileSet/SmartHalfGrass.asset using Guid(57adeb96bb557fb46b46ad5f89e67a02) Importer(815301076,1909f56bfc062723c751e8b465ee728b)  -> (artifact id: '14c1846f089533ef2b0d1ff9b5c61698') in 0.007062 seconds 
========================================================================
Received Import Request.
  Time since last request: 189.194806 seconds.
  path: Assets/Prefabs/MiniTree.prefab
  artifactKey: Guid(057b82ed2cda95845a39edb74214c7aa) Importer(815301076,1909f56bfc062723c751e8b465ee728b)
Start importing Assets/Prefabs/MiniTree.prefab using Guid(057b82ed2cda95845a39edb74214c7aa) Importer(815301076,1909f56bfc062723c751e8b465ee728b)  -> (artifact id: 'b5b263234bfefd2a46dc3c1bed04055d') in 0.010315 seconds 
========================================================================
Received Import Request.
  Time since last request: 0.066598 seconds.
  path: Assets/Prefabs/Washtub.prefab
  artifactKey: Guid(3251e1c349462504f9ae2a82c5aec823) Importer(815301076,1909f56bfc062723c751e8b465ee728b)
Start importing Assets/Prefabs/Washtub.prefab using Guid(3251e1c349462504f9ae2a82c5aec823) Importer(815301076,1909f56bfc062723c751e8b465ee728b)  -> (artifact id: '78ed259df73c39a125af6e2a2ba70984') in 0.010372 seconds 
========================================================================
Received Import Request.
  Time since last request: 469.413832 seconds.
  path: Assets/Prefabs/Barrel.prefab
  artifactKey: Guid(8a2ab8e720b76dc488d3cf1879c7365d) Importer(815301076,1909f56bfc062723c751e8b465ee728b)
Start importing Assets/Prefabs/Barrel.prefab using Guid(8a2ab8e720b76dc488d3cf1879c7365d) Importer(815301076,1909f56bfc062723c751e8b465ee728b)  -> (artifact id: 'fa851c448798284d2ff4076ef2d022d9') in 0.040186 seconds 
========================================================================
Received Import Request.
  Time since last request: 12.497833 seconds.
  path: Assets/Prefabs/Hay1.prefab
  artifactKey: Guid(1c291e60abc5e134589ed51df61f22d1) Importer(815301076,1909f56bfc062723c751e8b465ee728b)
Start importing Assets/Prefabs/Hay1.prefab using Guid(1c291e60abc5e134589ed51df61f22d1) Importer(815301076,1909f56bfc062723c751e8b465ee728b)  -> (artifact id: 'e14b93b4be780f9ac63f35da4b29c43c') in 0.025813 seconds 
========================================================================
Received Import Request.
  Time since last request: 10.487270 seconds.
  path: Assets/Prefabs/Hay2.prefab
  artifactKey: Guid(5c01d2addf675c94e9a97e430696938f) Importer(815301076,1909f56bfc062723c751e8b465ee728b)
Start importing Assets/Prefabs/Hay2.prefab using Guid(5c01d2addf675c94e9a97e430696938f) Importer(815301076,1909f56bfc062723c751e8b465ee728b)  -> (artifact id: '0f2b652345bc0922571f433894887e53') in 0.014817 seconds 
========================================================================
Received Import Request.
  Time since last request: 5.936178 seconds.
  path: Assets/Prefabs/Hay3.prefab
  artifactKey: Guid(ead01d24fde34c04cbd1589901314d72) Importer(815301076,1909f56bfc062723c751e8b465ee728b)
Start importing Assets/Prefabs/Hay3.prefab using Guid(ead01d24fde34c04cbd1589901314d72) Importer(815301076,1909f56bfc062723c751e8b465ee728b)  -> (artifact id: 'eca8e08e776cbee53d829e4b3b819e4b') in 0.033445 seconds 
========================================================================
Received Import Request.
  Time since last request: 5.445276 seconds.
  path: Assets/Prefabs/Hay4.prefab
  artifactKey: Guid(7dcc6a1a36058034ba1c4e06d7b7ac9e) Importer(815301076,1909f56bfc062723c751e8b465ee728b)
Start importing Assets/Prefabs/Hay4.prefab using Guid(7dcc6a1a36058034ba1c4e06d7b7ac9e) Importer(815301076,1909f56bfc062723c751e8b465ee728b)  -> (artifact id: 'e95686ff75887d0edd6a65c2881be0dd') in 0.014049 seconds 
========================================================================
Received Import Request.
  Time since last request: 7.282864 seconds.
  path: Assets/Prefabs/House.prefab
  artifactKey: Guid(f36367698d91d2b4eacf76ffd22bd48b) Importer(815301076,1909f56bfc062723c751e8b465ee728b)
Start importing Assets/Prefabs/House.prefab using Guid(f36367698d91d2b4eacf76ffd22bd48b) Importer(815301076,1909f56bfc062723c751e8b465ee728b)  -> (artifact id: 'f88d1b8c329c53d7e79617e462147b32') in 0.014669 seconds 
========================================================================
Received Import Request.
  Time since last request: 6.566769 seconds.
  path: Assets/Prefabs/MiniTree.prefab
  artifactKey: Guid(057b82ed2cda95845a39edb74214c7aa) Importer(815301076,1909f56bfc062723c751e8b465ee728b)
Start importing Assets/Prefabs/MiniTree.prefab using Guid(057b82ed2cda95845a39edb74214c7aa) Importer(815301076,1909f56bfc062723c751e8b465ee728b)  -> (artifact id: '21028bd86b53279ae87f3dd5e50fee17') in 0.047514 seconds 
========================================================================
Received Import Request.
  Time since last request: 32.274919 seconds.
  path: Assets/Prefabs/Stub.prefab
  artifactKey: Guid(5bd33928f6e57434db7d5dcc1c75b134) Importer(815301076,1909f56bfc062723c751e8b465ee728b)
Start importing Assets/Prefabs/Stub.prefab using Guid(5bd33928f6e57434db7d5dcc1c75b134) Importer(815301076,1909f56bfc062723c751e8b465ee728b)  -> (artifact id: '7f1d3e335609a10046caef308116a091') in 0.013966 seconds 
========================================================================
Received Import Request.
  Time since last request: 8.884334 seconds.
  path: Assets/Prefabs/Tree.prefab
  artifactKey: Guid(451a1f33678ef6a44b2e6f5ac0285d9e) Importer(815301076,1909f56bfc062723c751e8b465ee728b)
Start importing Assets/Prefabs/Tree.prefab using Guid(451a1f33678ef6a44b2e6f5ac0285d9e) Importer(815301076,1909f56bfc062723c751e8b465ee728b)  -> (artifact id: 'ca50c85e4c07a1cb755727410086bcd4') in 0.014211 seconds 
========================================================================
Received Import Request.
  Time since last request: 46.309520 seconds.
  path: Assets/Prefabs/Washtub.prefab
  artifactKey: Guid(3251e1c349462504f9ae2a82c5aec823) Importer(815301076,1909f56bfc062723c751e8b465ee728b)
Start importing Assets/Prefabs/Washtub.prefab using Guid(3251e1c349462504f9ae2a82c5aec823) Importer(815301076,1909f56bfc062723c751e8b465ee728b)  -> (artifact id: '3c3cc9915545d2798654dabfdaff72de') in 0.014248 seconds 
========================================================================
Received Import Request.
  Time since last request: 1567.434808 seconds.
  path: Assets/Prefabs/MiniTree.prefab
  artifactKey: Guid(057b82ed2cda95845a39edb74214c7aa) Importer(815301076,1909f56bfc062723c751e8b465ee728b)
Start importing Assets/Prefabs/MiniTree.prefab using Guid(057b82ed2cda95845a39edb74214c7aa) Importer(815301076,1909f56bfc062723c751e8b465ee728b)  -> (artifact id: '9bc66a37ab121591776e909fdf59536a') in 0.014524 seconds 
========================================================================
Received Import Request.
  Time since last request: 1.418940 seconds.
  path: Assets/Prefabs/MiniTree.prefab
  artifactKey: Guid(057b82ed2cda95845a39edb74214c7aa) Importer(815301076,1909f56bfc062723c751e8b465ee728b)
Start importing Assets/Prefabs/MiniTree.prefab using Guid(057b82ed2cda95845a39edb74214c7aa) Importer(815301076,1909f56bfc062723c751e8b465ee728b)  -> (artifact id: 'eaf5d326ac9e8e0cc85d3bc78863f850') in 0.034502 seconds 
========================================================================
Received Import Request.
  Time since last request: 2.653511 seconds.
  path: Assets/Prefabs/Stub.prefab
  artifactKey: Guid(5bd33928f6e57434db7d5dcc1c75b134) Importer(815301076,1909f56bfc062723c751e8b465ee728b)
Start importing Assets/Prefabs/Stub.prefab using Guid(5bd33928f6e57434db7d5dcc1c75b134) Importer(815301076,1909f56bfc062723c751e8b465ee728b)  -> (artifact id: '37697a7491f037df63afb1146fb9f0da') in 0.020957 seconds 
========================================================================
Received Import Request.
  Time since last request: 29.063722 seconds.
  path: Assets/Prefabs/Stub.prefab
  artifactKey: Guid(5bd33928f6e57434db7d5dcc1c75b134) Importer(815301076,1909f56bfc062723c751e8b465ee728b)
Start importing Assets/Prefabs/Stub.prefab using Guid(5bd33928f6e57434db7d5dcc1c75b134) Importer(815301076,1909f56bfc062723c751e8b465ee728b)  -> (artifact id: 'abcb4eb179971aac49e42c3914a21fc9') in 0.013085 seconds 
========================================================================
Received Import Request.
  Time since last request: 9.777316 seconds.
  path: Assets/Prefabs/Hay4.prefab
  artifactKey: Guid(7dcc6a1a36058034ba1c4e06d7b7ac9e) Importer(815301076,1909f56bfc062723c751e8b465ee728b)
Start importing Assets/Prefabs/Hay4.prefab using Guid(7dcc6a1a36058034ba1c4e06d7b7ac9e) Importer(815301076,1909f56bfc062723c751e8b465ee728b)  -> (artifact id: 'fa75c55f2368339c33e34fa17ccf0206') in 0.021093 seconds 
========================================================================
Received Import Request.
  Time since last request: 1.163744 seconds.
  path: Assets/Prefabs/Hay4.prefab
  artifactKey: Guid(7dcc6a1a36058034ba1c4e06d7b7ac9e) Importer(815301076,1909f56bfc062723c751e8b465ee728b)
Start importing Assets/Prefabs/Hay4.prefab using Guid(7dcc6a1a36058034ba1c4e06d7b7ac9e) Importer(815301076,1909f56bfc062723c751e8b465ee728b)  -> (artifact id: '4f39f32bdc15d1c2ffc247d7f88fe40d') in 0.023292 seconds 
========================================================================
Received Import Request.
  Time since last request: 6.120098 seconds.
  path: Assets/Prefabs/Hay1.prefab
  artifactKey: Guid(1c291e60abc5e134589ed51df61f22d1) Importer(815301076,1909f56bfc062723c751e8b465ee728b)
Start importing Assets/Prefabs/Hay1.prefab using Guid(1c291e60abc5e134589ed51df61f22d1) Importer(815301076,1909f56bfc062723c751e8b465ee728b)  -> (artifact id: '29acc8e74ab2f40945063a794b3c5a2b') in 0.020958 seconds 
========================================================================
Received Import Request.
  Time since last request: 4.087262 seconds.
  path: Assets/Prefabs/Hay1.prefab
  artifactKey: Guid(1c291e60abc5e134589ed51df61f22d1) Importer(815301076,1909f56bfc062723c751e8b465ee728b)
Start importing Assets/Prefabs/Hay1.prefab using Guid(1c291e60abc5e134589ed51df61f22d1) Importer(815301076,1909f56bfc062723c751e8b465ee728b)  -> (artifact id: '2f4d4a839916321aba68495738492118') in 0.020960 seconds 
========================================================================
Received Import Request.
  Time since last request: 1.791922 seconds.
  path: Assets/Prefabs/Barrel.prefab
  artifactKey: Guid(8a2ab8e720b76dc488d3cf1879c7365d) Importer(815301076,1909f56bfc062723c751e8b465ee728b)
Start importing Assets/Prefabs/Barrel.prefab using Guid(8a2ab8e720b76dc488d3cf1879c7365d) Importer(815301076,1909f56bfc062723c751e8b465ee728b)  -> (artifact id: 'a8440b4441686e74b2b02e563e47c27d') in 0.014091 seconds 
========================================================================
Received Import Request.
  Time since last request: 1.061742 seconds.
  path: Assets/Prefabs/Barrel.prefab
  artifactKey: Guid(8a2ab8e720b76dc488d3cf1879c7365d) Importer(815301076,1909f56bfc062723c751e8b465ee728b)
Start importing Assets/Prefabs/Barrel.prefab using Guid(8a2ab8e720b76dc488d3cf1879c7365d) Importer(815301076,1909f56bfc062723c751e8b465ee728b)  -> (artifact id: 'be60ab261d432d28bce1223cf4412e24') in 0.024038 seconds 
========================================================================
Received Import Request.
  Time since last request: 32.413468 seconds.
  path: Assets/Prefabs/Washtub.prefab
  artifactKey: Guid(3251e1c349462504f9ae2a82c5aec823) Importer(815301076,1909f56bfc062723c751e8b465ee728b)
Start importing Assets/Prefabs/Washtub.prefab using Guid(3251e1c349462504f9ae2a82c5aec823) Importer(815301076,1909f56bfc062723c751e8b465ee728b)  -> (artifact id: 'b297aee1c6b5da758655c38bbb0d4305') in 0.020678 seconds 
========================================================================
Received Import Request.
  Time since last request: 0.790337 seconds.
  path: Assets/Prefabs/Washtub.prefab
  artifactKey: Guid(3251e1c349462504f9ae2a82c5aec823) Importer(815301076,1909f56bfc062723c751e8b465ee728b)
Start importing Assets/Prefabs/Washtub.prefab using Guid(3251e1c349462504f9ae2a82c5aec823) Importer(815301076,1909f56bfc062723c751e8b465ee728b)  -> (artifact id: 'a89fe76e88abfba7647476eaaf801499') in 0.019971 seconds 
========================================================================
Received Import Request.
  Time since last request: 42.924441 seconds.
  path: Assets/Prefabs/Washtub.prefab
  artifactKey: Guid(3251e1c349462504f9ae2a82c5aec823) Importer(815301076,1909f56bfc062723c751e8b465ee728b)
Start importing Assets/Prefabs/Washtub.prefab using Guid(3251e1c349462504f9ae2a82c5aec823) Importer(815301076,1909f56bfc062723c751e8b465ee728b)  -> (artifact id: '090c569173eebce4e422b42d7393b0d1') in 0.021420 seconds 
========================================================================
Received Import Request.
  Time since last request: 1975.407891 seconds.
  path: Assets/WithAssets/Tilemaps/Isometric/Tiles/Plains/plains-sliced_17.asset
  artifactKey: Guid(24a1998e104c5504682f8c426fceafac) Importer(815301076,1909f56bfc062723c751e8b465ee728b)
Start importing Assets/WithAssets/Tilemaps/Isometric/Tiles/Plains/plains-sliced_17.asset using Guid(24a1998e104c5504682f8c426fceafac) Importer(815301076,1909f56bfc062723c751e8b465ee728b)  -> (artifact id: '9c759f43485b4251755504ac3a495208') in 0.008556 seconds 
